<?xml version="1.0" encoding="UTF-8"?>
<testsuite name="cars2.AppTest" tests="1" skipped="0" failures="0" errors="0" timestamp="2023-05-28T09:34:53" hostname="macbook-pro.lan" time="0.037">
  <properties/>
  <testcase name="appHasAGreeting()" classname="cars2.AppTest" time="0.037"/>
  <system-out><![CDATA[]]></system-out>
  <system-err><![CDATA[]]></system-err>
</testsuite>
